<?xml version="1.0" encoding="UTF-8" standalone="no"?>
<testsuite errors="0" failures="0" name="io.cucumber.core.plugin.JUnitFormatter" skipped="0" tests="3" time="32.608">
<testcase classname="Test login functionality" name="Check login is successful with valid credentials" time="10.117">
<system-out><![CDATA[Given browser is open.......................................................passed
And user is on login page...................................................passed
When user enters Sufyan and 12345...........................................passed
And user click on login.....................................................passed
Then user is navigated to the home page.....................................passed
]]></system-out>
</testcase>
<testcase classname="Test login functionality" name="Check login is successful with valid credentials 2" time="13.168">
<system-out><![CDATA[Given browser is open.......................................................passed
And user is on login page...................................................passed
When user enters Alvin and 12345............................................passed
And user click on login.....................................................passed
Then user is navigated to the home page.....................................passed
]]></system-out>
</testcase>
<testcase classname="Test login functionality" name="Check login is successful with valid credentials 3" time="9.141">
<system-out><![CDATA[Given browser is open.......................................................passed
And user is on login page...................................................passed
When user enters Abbas and 12345............................................passed
And user click on login.....................................................passed
Then user is navigated to the home page.....................................passed
]]></system-out>
</testcase>
</testsuite>
